0 info it worked if it ends with ok
1 verbose cli [ 'C:\\Program Files\\nodejs\\node.exe',
1 verbose cli   'C:\\Program Files\\nodejs\\node_modules\\npm\\bin\\npm-cli.js',
1 verbose cli   'start' ]
2 info using npm@3.3.6
3 info using node@v5.0.0
4 verbose run-script [ 'prestart', 'start', 'poststart' ]
5 info lifecycle web_server@1.0.0~prestart: web_server@1.0.0
6 silly lifecycle web_server@1.0.0~prestart: no script for prestart, continuing
7 info lifecycle web_server@1.0.0~start: web_server@1.0.0
8 verbose lifecycle web_server@1.0.0~start: unsafe-perm in lifecycle true
9 verbose lifecycle web_server@1.0.0~start: PATH: C:\Program Files\nodejs\node_modules\npm\bin\node-gyp-bin;E:\tutorial\javascript\Node\learn-nodejs-by-building-10-projects\node_project\web_server\node_modules\.bin;C:\Users\SHASHANK\bin;C:\Program Files\Git\mingw64\bin;C:\Program Files\Git\usr\local\bin;C:\Program Files\Git\usr\bin;C:\Program Files\Git\usr\bin;C:\Program Files\Git\mingw64\bin;C:\Program Files\Git\usr\bin;C:\Users\SHASHANK\bin;C:\ProgramData\Oracle\Java\javapath;C:\Windows\system32;C:\Windows;C:\Windows\System32\Wbem;C:\Windows\System32\WindowsPowerShell\v1.0;C:\cygwin64\bin;C:\Program Files (x86)\MySQL\MySQL Server 5.5\bin;CATALINA_HOME\bin;C:\Program Files (x86)\Microsoft SQL Server\100\Tools\Binn;C:\Program Files\Microsoft SQL Server\100\Tools\Binn;C:\Program Files\Microsoft SQL Server\100\DTS\Binn;C:\Unix\usr\local\wbin;C:\Program Files\TortoiseSVN\bin;JAVA_HOME\bin;C:\Program Files\MySQL\MySQL Server 5.5\bin;C:\apache-ant-1.9.4\bin;C:\Program Files\Java\jdk1.8.0_45\bin;C:\Program Files (x86)\Common Files\lenovo\easyplussdk\bin;C:\Program Files (x86)\Skype\Phone;C:\Program Files\nodejs;C:\Program Files\OpenVPN\bin;C:\Program Files\Git\cmd;C:\Program Files\Git\mingw64\bin;C:\Program Files\Git\usr\bin;C:\Users\SHASHANK\AppData\Roaming\npm;C:\Program Files\Git\usr\bin\vendor_perl;C:\Program Files\Git\usr\bin\core_perl
10 verbose lifecycle web_server@1.0.0~start: CWD: E:\tutorial\javascript\Node\learn-nodejs-by-building-10-projects\node_project\web_server
11 silly lifecycle web_server@1.0.0~start: Args: [ '/d /s /c', 'node server.js' ]
12 silly lifecycle web_server@1.0.0~start: Returned: code: 1  signal: null
13 info lifecycle web_server@1.0.0~start: Failed to exec start script
14 verbose stack Error: web_server@1.0.0 start: `node server.js`
14 verbose stack Exit status 1
14 verbose stack     at EventEmitter.<anonymous> (C:\Program Files\nodejs\node_modules\npm\lib\utils\lifecycle.js:233:16)
14 verbose stack     at emitTwo (events.js:87:13)
14 verbose stack     at EventEmitter.emit (events.js:172:7)
14 verbose stack     at ChildProcess.<anonymous> (C:\Program Files\nodejs\node_modules\npm\lib\utils\spawn.js:24:14)
14 verbose stack     at emitTwo (events.js:87:13)
14 verbose stack     at ChildProcess.emit (events.js:172:7)
14 verbose stack     at maybeClose (internal/child_process.js:818:16)
14 verbose stack     at Process.ChildProcess._handle.onexit (internal/child_process.js:211:5)
15 verbose pkgid web_server@1.0.0
16 verbose cwd E:\tutorial\javascript\Node\learn-nodejs-by-building-10-projects\node_project\web_server
17 error Windows_NT 6.3.9600
18 error argv "C:\\Program Files\\nodejs\\node.exe" "C:\\Program Files\\nodejs\\node_modules\\npm\\bin\\npm-cli.js" "start"
19 error node v5.0.0
20 error npm  v3.3.6
21 error code ELIFECYCLE
22 error web_server@1.0.0 start: `node server.js`
22 error Exit status 1
23 error Failed at the web_server@1.0.0 start script 'node server.js'.
23 error This is most likely a problem with the web_server package,
23 error not with npm itself.
23 error Tell the author that this fails on your system:
23 error     node server.js
23 error You can get their info via:
23 error     npm owner ls web_server
23 error There is likely additional logging output above.
24 verbose exit [ 1, true ]
